<?xml version="1.0" encoding="UTF-8"?>
<testsuite xmlns:xsi="http://www.w3.org/2001/XMLSchema-instance" xsi:noNamespaceSchemaLocation="https://maven.apache.org/surefire/maven-surefire-plugin/xsd/surefire-test-report-3.0.xsd" version="3.0" name="TestNG_Assert" time="14.665" tests="1" errors="0" skipped="0" failures="0">
  <properties>
    <property name="java.specification.version" value="21"/>
    <property name="webdriver.chrome.driver" value="C:\Users\moham\.vscode\demo1\chromedriver.exe"/>
    <property name="sun.cpu.isalist" value="amd64"/>
    <property name="sun.jnu.encoding" value="Cp1252"/>
    <property name="java.class.path" value="C:\Maven1\apache-maven-3.8.8-bin\demo\demo\target\test-classes;C:\Maven1\apache-maven-3.8.8-bin\demo\demo\target\classes;C:\Users\moham\.m2\repository\org\seleniumhq\selenium\selenium-remote-control\2.0rc2\selenium-remote-control-2.0rc2.jar;C:\Users\moham\.m2\repository\org\seleniumhq\selenium\selenium-htmlunit-driver\2.0rc2\selenium-htmlunit-driver-2.0rc2.jar;C:\Users\moham\.m2\repository\net\sourceforge\htmlunit\htmlunit\2.8\htmlunit-2.8.jar;C:\Users\moham\.m2\repository\xalan\xalan\2.7.1\xalan-2.7.1.jar;C:\Users\moham\.m2\repository\xalan\serializer\2.7.1\serializer-2.7.1.jar;C:\Users\moham\.m2\repository\commons-collections\commons-collections\3.2.1\commons-collections-3.2.1.jar;C:\Users\moham\.m2\repository\commons-lang\commons-lang\2.4\commons-lang-2.4.jar;C:\Users\moham\.m2\repository\org\apache\httpcomponents\httpclient\4.0.1\httpclient-4.0.1.jar;C:\Users\moham\.m2\repository\org\apache\httpcomponents\httpcore\4.0.1\httpcore-4.0.1.jar;C:\Users\moham\.m2\repository\org\apache\httpcomponents\httpmime\4.0.1\httpmime-4.0.1.jar;C:\Users\moham\.m2\repository\org\apache\james\apache-mime4j\0.6\apache-mime4j-0.6.jar;C:\Users\moham\.m2\repository\commons-codec\commons-codec\1.4\commons-codec-1.4.jar;C:\Users\moham\.m2\repository\net\sourceforge\htmlunit\htmlunit-core-js\2.8\htmlunit-core-js-2.8.jar;C:\Users\moham\.m2\repository\xerces\xercesImpl\2.9.1\xercesImpl-2.9.1.jar;C:\Users\moham\.m2\repository\xml-apis\xml-apis\1.3.04\xml-apis-1.3.04.jar;C:\Users\moham\.m2\repository\net\sourceforge\nekohtml\nekohtml\1.9.14\nekohtml-1.9.14.jar;C:\Users\moham\.m2\repository\net\sourceforge\cssparser\cssparser\0.9.5\cssparser-0.9.5.jar;C:\Users\moham\.m2\repository\org\w3c\css\sac\1.3\sac-1.3.jar;C:\Users\moham\.m2\repository\commons-logging\commons-logging\1.1.1\commons-logging-1.1.1.jar;C:\Users\moham\.m2\repository\org\seleniumhq\selenium\selenium-firefox-driver\2.0rc2\selenium-firefox-driver-2.0rc2.jar;C:\Users\moham\.m2\repository\commons-io\commons-io\2.0.1\commons-io-2.0.1.jar;C:\Users\moham\.m2\repository\org\seleniumhq\selenium\selenium-ie-driver\2.0rc2\selenium-ie-driver-2.0rc2.jar;C:\Users\moham\.m2\repository\net\java\dev\jna\jna\3.2.2\jna-3.2.2.jar;C:\Users\moham\.m2\repository\org\seleniumhq\selenium\selenium-iphone-driver\2.0rc2\selenium-iphone-driver-2.0rc2.jar;C:\Users\moham\.m2\repository\org\seleniumhq\selenium\selenium-server\2.0rc2\selenium-server-2.0rc2.jar;C:\Users\moham\.m2\repository\bouncycastle\bcprov-jdk15\135\bcprov-jdk15-135.jar;C:\Users\moham\.m2\repository\mx4j\mx4j-tools\3.0.1\mx4j-tools-3.0.1.jar;C:\Users\moham\.m2\repository\org\mortbay\jetty\servlet-api-2.5\6.1.9\servlet-api-2.5-6.1.9.jar;C:\Users\moham\.m2\repository\org\seleniumhq\selenium\selenium-support\2.0rc2\selenium-support-2.0rc2.jar;C:\Users\moham\.m2\repository\org\seleniumhq\selenium\selenium-chrome-driver\4.18.1\selenium-chrome-driver-4.18.1.jar;C:\Users\moham\.m2\repository\com\google\auto\service\auto-service-annotations\1.1.1\auto-service-annotations-1.1.1.jar;C:\Users\moham\.m2\repository\org\seleniumhq\selenium\selenium-api\4.18.1\selenium-api-4.18.1.jar;C:\Users\moham\.m2\repository\org\seleniumhq\selenium\selenium-chromium-driver\4.18.1\selenium-chromium-driver-4.18.1.jar;C:\Users\moham\.m2\repository\org\seleniumhq\selenium\selenium-json\4.18.1\selenium-json-4.18.1.jar;C:\Users\moham\.m2\repository\org\seleniumhq\selenium\selenium-manager\4.18.1\selenium-manager-4.18.1.jar;C:\Users\moham\.m2\repository\org\seleniumhq\selenium\selenium-os\4.18.1\selenium-os-4.18.1.jar;C:\Users\moham\.m2\repository\org\apache\commons\commons-exec\1.3\commons-exec-1.3.jar;C:\Users\moham\.m2\repository\org\seleniumhq\selenium\selenium-remote-driver\4.18.1\selenium-remote-driver-4.18.1.jar;C:\Users\moham\.m2\repository\com\google\guava\guava\33.0.0-jre\guava-33.0.0-jre.jar;C:\Users\moham\.m2\repository\com\google\guava\failureaccess\1.0.2\failureaccess-1.0.2.jar;C:\Users\moham\.m2\repository\com\google\guava\listenablefuture\9999.0-empty-to-avoid-conflict-with-guava\listenablefuture-9999.0-empty-to-avoid-conflict-with-guava.jar;C:\Users\moham\.m2\repository\com\google\code\findbugs\jsr305\3.0.2\jsr305-3.0.2.jar;C:\Users\moham\.m2\repository\org\checkerframework\checker-qual\3.41.0\checker-qual-3.41.0.jar;C:\Users\moham\.m2\repository\com\google\errorprone\error_prone_annotations\2.23.0\error_prone_annotations-2.23.0.jar;C:\Users\moham\.m2\repository\com\google\j2objc\j2objc-annotations\2.8\j2objc-annotations-2.8.jar;C:\Users\moham\.m2\repository\io\opentelemetry\semconv\opentelemetry-semconv\1.23.1-alpha\opentelemetry-semconv-1.23.1-alpha.jar;C:\Users\moham\.m2\repository\io\opentelemetry\opentelemetry-api\1.35.0\opentelemetry-api-1.35.0.jar;C:\Users\moham\.m2\repository\io\opentelemetry\opentelemetry-context\1.35.0\opentelemetry-context-1.35.0.jar;C:\Users\moham\.m2\repository\io\opentelemetry\opentelemetry-exporter-logging\1.35.0\opentelemetry-exporter-logging-1.35.0.jar;C:\Users\moham\.m2\repository\io\opentelemetry\opentelemetry-sdk-common\1.35.0\opentelemetry-sdk-common-1.35.0.jar;C:\Users\moham\.m2\repository\io\opentelemetry\opentelemetry-sdk-extension-autoconfigure-spi\1.35.0\opentelemetry-sdk-extension-autoconfigure-spi-1.35.0.jar;C:\Users\moham\.m2\repository\io\opentelemetry\opentelemetry-sdk-extension-autoconfigure\1.35.0\opentelemetry-sdk-extension-autoconfigure-1.35.0.jar;C:\Users\moham\.m2\repository\io\opentelemetry\opentelemetry-api-events\1.35.0-alpha\opentelemetry-api-events-1.35.0-alpha.jar;C:\Users\moham\.m2\repository\io\opentelemetry\opentelemetry-sdk-trace\1.35.0\opentelemetry-sdk-trace-1.35.0.jar;C:\Users\moham\.m2\repository\io\opentelemetry\opentelemetry-extension-incubator\1.35.0-alpha\opentelemetry-extension-incubator-1.35.0-alpha.jar;C:\Users\moham\.m2\repository\io\opentelemetry\opentelemetry-sdk\1.35.0\opentelemetry-sdk-1.35.0.jar;C:\Users\moham\.m2\repository\io\opentelemetry\opentelemetry-sdk-metrics\1.35.0\opentelemetry-sdk-metrics-1.35.0.jar;C:\Users\moham\.m2\repository\io\opentelemetry\opentelemetry-sdk-logs\1.35.0\opentelemetry-sdk-logs-1.35.0.jar;C:\Users\moham\.m2\repository\net\bytebuddy\byte-buddy\1.14.12\byte-buddy-1.14.12.jar;C:\Users\moham\.m2\repository\org\seleniumhq\selenium\selenium-http\4.18.1\selenium-http-4.18.1.jar;C:\Users\moham\.m2\repository\dev\failsafe\failsafe\3.3.2\failsafe-3.3.2.jar;C:\Users\moham\.m2\repository\org\testng\testng\7.9.0\testng-7.9.0.jar;C:\Users\moham\.m2\repository\org\slf4j\slf4j-api\1.7.36\slf4j-api-1.7.36.jar;C:\Users\moham\.m2\repository\com\beust\jcommander\1.82\jcommander-1.82.jar;C:\Users\moham\.m2\repository\org\webjars\jquery\3.7.1\jquery-3.7.1.jar;"/>
    <property name="java.vm.vendor" value="Eclipse Adoptium"/>
    <property name="sun.arch.data.model" value="64"/>
    <property name="user.variant" value=""/>
    <property name="java.vendor.url" value="https://adoptium.net/"/>
    <property name="user.timezone" value="Asia/Calcutta"/>
    <property name="os.name" value="Windows 11"/>
    <property name="java.vm.specification.version" value="21"/>
    <property name="sun.java.launcher" value="SUN_STANDARD"/>
    <property name="user.country" value="IN"/>
    <property name="sun.boot.library.path" value="C:\Program Files\Eclipse Adoptium\jdk-21.0.2.13-hotspot\bin"/>
    <property name="sun.java.command" value="C:\Users\moham\AppData\Local\Temp\surefire6425947115065509322\surefirebooter2356358962338383826.jar C:\Users\moham\AppData\Local\Temp\surefire6425947115065509322 2024-04-16T11-06-33_432-jvmRun1 surefire13942582393877133084tmp surefire_017833720650169845233tmp"/>
    <property name="jdk.debug" value="release"/>
    <property name="test" value="TestNG_Assert"/>
    <property name="surefire.test.class.path" value="C:\Maven1\apache-maven-3.8.8-bin\demo\demo\target\test-classes;C:\Maven1\apache-maven-3.8.8-bin\demo\demo\target\classes;C:\Users\moham\.m2\repository\org\seleniumhq\selenium\selenium-remote-control\2.0rc2\selenium-remote-control-2.0rc2.jar;C:\Users\moham\.m2\repository\org\seleniumhq\selenium\selenium-htmlunit-driver\2.0rc2\selenium-htmlunit-driver-2.0rc2.jar;C:\Users\moham\.m2\repository\net\sourceforge\htmlunit\htmlunit\2.8\htmlunit-2.8.jar;C:\Users\moham\.m2\repository\xalan\xalan\2.7.1\xalan-2.7.1.jar;C:\Users\moham\.m2\repository\xalan\serializer\2.7.1\serializer-2.7.1.jar;C:\Users\moham\.m2\repository\commons-collections\commons-collections\3.2.1\commons-collections-3.2.1.jar;C:\Users\moham\.m2\repository\commons-lang\commons-lang\2.4\commons-lang-2.4.jar;C:\Users\moham\.m2\repository\org\apache\httpcomponents\httpclient\4.0.1\httpclient-4.0.1.jar;C:\Users\moham\.m2\repository\org\apache\httpcomponents\httpcore\4.0.1\httpcore-4.0.1.jar;C:\Users\moham\.m2\repository\org\apache\httpcomponents\httpmime\4.0.1\httpmime-4.0.1.jar;C:\Users\moham\.m2\repository\org\apache\james\apache-mime4j\0.6\apache-mime4j-0.6.jar;C:\Users\moham\.m2\repository\commons-codec\commons-codec\1.4\commons-codec-1.4.jar;C:\Users\moham\.m2\repository\net\sourceforge\htmlunit\htmlunit-core-js\2.8\htmlunit-core-js-2.8.jar;C:\Users\moham\.m2\repository\xerces\xercesImpl\2.9.1\xercesImpl-2.9.1.jar;C:\Users\moham\.m2\repository\xml-apis\xml-apis\1.3.04\xml-apis-1.3.04.jar;C:\Users\moham\.m2\repository\net\sourceforge\nekohtml\nekohtml\1.9.14\nekohtml-1.9.14.jar;C:\Users\moham\.m2\repository\net\sourceforge\cssparser\cssparser\0.9.5\cssparser-0.9.5.jar;C:\Users\moham\.m2\repository\org\w3c\css\sac\1.3\sac-1.3.jar;C:\Users\moham\.m2\repository\commons-logging\commons-logging\1.1.1\commons-logging-1.1.1.jar;C:\Users\moham\.m2\repository\org\seleniumhq\selenium\selenium-firefox-driver\2.0rc2\selenium-firefox-driver-2.0rc2.jar;C:\Users\moham\.m2\repository\commons-io\commons-io\2.0.1\commons-io-2.0.1.jar;C:\Users\moham\.m2\repository\org\seleniumhq\selenium\selenium-ie-driver\2.0rc2\selenium-ie-driver-2.0rc2.jar;C:\Users\moham\.m2\repository\net\java\dev\jna\jna\3.2.2\jna-3.2.2.jar;C:\Users\moham\.m2\repository\org\seleniumhq\selenium\selenium-iphone-driver\2.0rc2\selenium-iphone-driver-2.0rc2.jar;C:\Users\moham\.m2\repository\org\seleniumhq\selenium\selenium-server\2.0rc2\selenium-server-2.0rc2.jar;C:\Users\moham\.m2\repository\bouncycastle\bcprov-jdk15\135\bcprov-jdk15-135.jar;C:\Users\moham\.m2\repository\mx4j\mx4j-tools\3.0.1\mx4j-tools-3.0.1.jar;C:\Users\moham\.m2\repository\org\mortbay\jetty\servlet-api-2.5\6.1.9\servlet-api-2.5-6.1.9.jar;C:\Users\moham\.m2\repository\org\seleniumhq\selenium\selenium-support\2.0rc2\selenium-support-2.0rc2.jar;C:\Users\moham\.m2\repository\org\seleniumhq\selenium\selenium-chrome-driver\4.18.1\selenium-chrome-driver-4.18.1.jar;C:\Users\moham\.m2\repository\com\google\auto\service\auto-service-annotations\1.1.1\auto-service-annotations-1.1.1.jar;C:\Users\moham\.m2\repository\org\seleniumhq\selenium\selenium-api\4.18.1\selenium-api-4.18.1.jar;C:\Users\moham\.m2\repository\org\seleniumhq\selenium\selenium-chromium-driver\4.18.1\selenium-chromium-driver-4.18.1.jar;C:\Users\moham\.m2\repository\org\seleniumhq\selenium\selenium-json\4.18.1\selenium-json-4.18.1.jar;C:\Users\moham\.m2\repository\org\seleniumhq\selenium\selenium-manager\4.18.1\selenium-manager-4.18.1.jar;C:\Users\moham\.m2\repository\org\seleniumhq\selenium\selenium-os\4.18.1\selenium-os-4.18.1.jar;C:\Users\moham\.m2\repository\org\apache\commons\commons-exec\1.3\commons-exec-1.3.jar;C:\Users\moham\.m2\repository\org\seleniumhq\selenium\selenium-remote-driver\4.18.1\selenium-remote-driver-4.18.1.jar;C:\Users\moham\.m2\repository\com\google\guava\guava\33.0.0-jre\guava-33.0.0-jre.jar;C:\Users\moham\.m2\repository\com\google\guava\failureaccess\1.0.2\failureaccess-1.0.2.jar;C:\Users\moham\.m2\repository\com\google\guava\listenablefuture\9999.0-empty-to-avoid-conflict-with-guava\listenablefuture-9999.0-empty-to-avoid-conflict-with-guava.jar;C:\Users\moham\.m2\repository\com\google\code\findbugs\jsr305\3.0.2\jsr305-3.0.2.jar;C:\Users\moham\.m2\repository\org\checkerframework\checker-qual\3.41.0\checker-qual-3.41.0.jar;C:\Users\moham\.m2\repository\com\google\errorprone\error_prone_annotations\2.23.0\error_prone_annotations-2.23.0.jar;C:\Users\moham\.m2\repository\com\google\j2objc\j2objc-annotations\2.8\j2objc-annotations-2.8.jar;C:\Users\moham\.m2\repository\io\opentelemetry\semconv\opentelemetry-semconv\1.23.1-alpha\opentelemetry-semconv-1.23.1-alpha.jar;C:\Users\moham\.m2\repository\io\opentelemetry\opentelemetry-api\1.35.0\opentelemetry-api-1.35.0.jar;C:\Users\moham\.m2\repository\io\opentelemetry\opentelemetry-context\1.35.0\opentelemetry-context-1.35.0.jar;C:\Users\moham\.m2\repository\io\opentelemetry\opentelemetry-exporter-logging\1.35.0\opentelemetry-exporter-logging-1.35.0.jar;C:\Users\moham\.m2\repository\io\opentelemetry\opentelemetry-sdk-common\1.35.0\opentelemetry-sdk-common-1.35.0.jar;C:\Users\moham\.m2\repository\io\opentelemetry\opentelemetry-sdk-extension-autoconfigure-spi\1.35.0\opentelemetry-sdk-extension-autoconfigure-spi-1.35.0.jar;C:\Users\moham\.m2\repository\io\opentelemetry\opentelemetry-sdk-extension-autoconfigure\1.35.0\opentelemetry-sdk-extension-autoconfigure-1.35.0.jar;C:\Users\moham\.m2\repository\io\opentelemetry\opentelemetry-api-events\1.35.0-alpha\opentelemetry-api-events-1.35.0-alpha.jar;C:\Users\moham\.m2\repository\io\opentelemetry\opentelemetry-sdk-trace\1.35.0\opentelemetry-sdk-trace-1.35.0.jar;C:\Users\moham\.m2\repository\io\opentelemetry\opentelemetry-extension-incubator\1.35.0-alpha\opentelemetry-extension-incubator-1.35.0-alpha.jar;C:\Users\moham\.m2\repository\io\opentelemetry\opentelemetry-sdk\1.35.0\opentelemetry-sdk-1.35.0.jar;C:\Users\moham\.m2\repository\io\opentelemetry\opentelemetry-sdk-metrics\1.35.0\opentelemetry-sdk-metrics-1.35.0.jar;C:\Users\moham\.m2\repository\io\opentelemetry\opentelemetry-sdk-logs\1.35.0\opentelemetry-sdk-logs-1.35.0.jar;C:\Users\moham\.m2\repository\net\bytebuddy\byte-buddy\1.14.12\byte-buddy-1.14.12.jar;C:\Users\moham\.m2\repository\org\seleniumhq\selenium\selenium-http\4.18.1\selenium-http-4.18.1.jar;C:\Users\moham\.m2\repository\dev\failsafe\failsafe\3.3.2\failsafe-3.3.2.jar;C:\Users\moham\.m2\repository\org\testng\testng\7.9.0\testng-7.9.0.jar;C:\Users\moham\.m2\repository\org\slf4j\slf4j-api\1.7.36\slf4j-api-1.7.36.jar;C:\Users\moham\.m2\repository\com\beust\jcommander\1.82\jcommander-1.82.jar;C:\Users\moham\.m2\repository\org\webjars\jquery\3.7.1\jquery-3.7.1.jar;"/>
    <property name="sun.cpu.endian" value="little"/>
    <property name="user.home" value="C:\Users\moham"/>
    <property name="user.language" value="en"/>
    <property name="java.specification.vendor" value="Oracle Corporation"/>
    <property name="java.version.date" value="2024-01-16"/>
    <property name="java.home" value="C:\Program Files\Eclipse Adoptium\jdk-21.0.2.13-hotspot"/>
    <property name="file.separator" value="\"/>
    <property name="basedir" value="C:\Maven1\apache-maven-3.8.8-bin\demo\demo"/>
    <property name="java.vm.compressedOopsMode" value="32-bit"/>
    <property name="line.separator" value="&#10;"/>
    <property name="java.vm.specification.vendor" value="Oracle Corporation"/>
    <property name="java.specification.name" value="Java Platform API Specification"/>
    <property name="surefire.real.class.path" value="C:\Users\moham\AppData\Local\Temp\surefire6425947115065509322\surefirebooter2356358962338383826.jar"/>
    <property name="user.script" value=""/>
    <property name="sun.management.compiler" value="HotSpot 64-Bit Tiered Compilers"/>
    <property name="java.runtime.version" value="21.0.2+13-LTS"/>
    <property name="user.name" value="moham"/>
    <property name="stdout.encoding" value="Cp1252"/>
    <property name="path.separator" value=";"/>
    <property name="os.version" value="10.0"/>
    <property name="java.runtime.name" value="OpenJDK Runtime Environment"/>
    <property name="file.encoding" value="UTF-8"/>
    <property name="java.vm.name" value="OpenJDK 64-Bit Server VM"/>
    <property name="java.vendor.version" value="Temurin-21.0.2+13"/>
    <property name="localRepository" value="C:\Users\moham\.m2\repository"/>
    <property name="java.vendor.url.bug" value="https://github.com/adoptium/adoptium-support/issues"/>
    <property name="java.io.tmpdir" value="C:\Users\moham\AppData\Local\Temp\"/>
    <property name="java.version" value="21.0.2"/>
    <property name="user.dir" value="C:\Maven1\apache-maven-3.8.8-bin\demo\demo"/>
    <property name="os.arch" value="amd64"/>
    <property name="java.vm.specification.name" value="Java Virtual Machine Specification"/>
    <property name="sun.os.patch.level" value=""/>
    <property name="native.encoding" value="Cp1252"/>
    <property name="java.library.path" value="C:\Program Files\Eclipse Adoptium\jdk-21.0.2.13-hotspot\bin;C:\WINDOWS\Sun\Java\bin;C:\WINDOWS\system32;C:\WINDOWS;C:\Program Files\Eclipse Adoptium\jdk-21.0.2.13-hotspot\bin;C:\db_home\bin;C:\Program Files\Common Files\Oracle\Java\javapath;C:\Windows\system32;C:\Windows;C:\Windows\System32\Wbem;C:\Windows\System32\WindowsPowerShell\v1.0\;C:\Windows\System32\OpenSSH\;C:\Program Files (x86)\NVIDIA Corporation\PhysX\Common;C:\Program Files\NVIDIA Corporation\NVIDIA NvDLISR;C:\WINDOWS\system32;C:\WINDOWS;C:\WINDOWS\System32\Wbem;C:\WINDOWS\System32\WindowsPowerShell\v1.0\;C:\WINDOWS\System32\OpenSSH\;C:\Program Files\dotnet\;C:\Program Files\Git\cmd;C:\Program Files\Microsoft SQL Server\150\Tools\Binn\;C:\Program Files\Microsoft SQL Server\Client SDK\ODBC\170\Tools\Binn\;C:\Maven\apache-maven-3.8.8-bin\apache-maven-3.8.8\bin;C:\Program Files\nodejs\;C:\Program Files\Docker\Docker\resources\bin;C:\Maven\apache-maven-3.8.8-bin\apache-maven-3.8.8\bin;C:\Users\moham\AppData\Local\Programs\Python\Python312\Scripts\;C:\Users\moham\AppData\Local\Programs\Python\Python312\;C:\Users\moham\AppData\Local\Programs\Python\Launcher\;C:\Users\moham\AppData\Local\Microsoft\WindowsApps;C:\Users\moham\AppData\Local\Programs\Microsoft VS Code\bin;C:\Users\moham\AppData\Local\GitHubDesktop\bin;C:\Program Files\JetBrains\IntelliJ IDEA 2023.2.4\bin;;C:\Program Files\JetBrains\PyCharm 2023.2.5\bin;;C:\Users\moham\.dotnet\tools;C:\Users\moham\AppData\Roaming\npm;C:\ProgramData\moham\GitHubDesktop\bin;."/>
    <property name="java.vm.info" value="mixed mode, sharing"/>
    <property name="stderr.encoding" value="Cp1252"/>
    <property name="java.vendor" value="Eclipse Adoptium"/>
    <property name="java.vm.version" value="21.0.2+13-LTS"/>
    <property name="sun.io.unicode.encoding" value="UnicodeLittle"/>
    <property name="java.class.version" value="65.0"/>
  </properties>
  <testcase name="test" classname="TestNG_Assert" time="0.01">
    <system-out><![CDATA[before test
test passed   Welcome: Mercury Tours
]]></system-out>
    <system-err><![CDATA[SLF4J: Failed to load class "org.slf4j.impl.StaticLoggerBinder".
SLF4J: Defaulting to no-operation (NOP) logger implementation
SLF4J: See http://www.slf4j.org/codes.html#StaticLoggerBinder for further details.
Apr 16, 2024 11:06:35 AM org.openqa.selenium.devtools.CdpVersionFinder findNearestMatch
WARNING: Unable to find CDP implementation matching 123
Apr 16, 2024 11:06:35 AM org.openqa.selenium.chromium.ChromiumDriver lambda$new$5
WARNING: Unable to find version of CDP to use for 123.0.6312.107. You may need to include a dependency on a specific version of the CDP using something similar to `org.seleniumhq.selenium:selenium-devtools-v86:4.18.1` where the version ("v86") matches the version of the chromium-based browser you're using and the version number of the artifact is the same as Selenium's.
]]></system-err>
  </testcase>
</testsuite>