<?xml version="1.0" encoding="UTF-8"?>
<!-- Generated by org.testng.reporters.JUnitReportReporter -->
<testsuite hostname="Sami" failures="0" tests="1" name="Personal_loan" time="0.002" errors="0" timestamp="2024-04-16T10:55:45 IST" skipped="0">
  <testcase classname="Personal_loan" name="personal_loan" time="0.002"/>
</testsuite> <!-- Personal_loan -->
