<?xml version="1.0" encoding="UTF-8"?>
<!-- Generated by org.testng.reporters.JUnitReportReporter -->
<testsuite hostname="Sami" failures="0" tests="1" name="TestNG_Assert" time="0.011" errors="0" timestamp="2024-04-16T11:06:48 IST" skipped="0">
  <testcase classname="TestNG_Assert" name="test" time="0.011"/>
</testsuite> <!-- TestNG_Assert -->
