<?xml version="1.0" encoding="UTF-8"?>
<!-- Generated by org.testng.reporters.JUnitReportReporter -->
<testsuite hostname="Krieger" failures="0" tests="1" name="HomePageNavigationTest" time="5.514" errors="0" timestamp="2024-04-17T15:16:03 IST" skipped="0">
  <testcase classname="HomePageNavigationTest" name="navigateToHomePage" time="5.514"/>
</testsuite> <!-- HomePageNavigationTest -->
