<?xml version="1.0" encoding="UTF-8"?>
<!-- Generated by org.testng.reporters.JUnitReportReporter -->
<testsuite hostname="Krieger" failures="0" tests="1" name="Home_loan" time="0.023" errors="0" timestamp="2024-04-17T14:29:22 IST" skipped="0">
  <testcase classname="Home_loan" name="home_loan" time="0.023"/>
</testsuite> <!-- Home_loan -->
