<?xml version="1.0" encoding="UTF-8"?>
<!-- Generated by org.testng.reporters.JUnitReportReporter -->
<testsuite hostname="Sami" failures="0" tests="1" name="NavigateTestNG" time="24.778" errors="0" timestamp="2024-04-16T11:04:20 IST" skipped="0">
  <testcase classname="NavigateTestNG" name="navigateCommands" time="24.778"/>
</testsuite> <!-- NavigateTestNG -->
