<?xml version="1.0" encoding="UTF-8"?>
<!-- Generated by org.testng.reporters.JUnitReportReporter -->
<testsuite hostname="Sami" failures="0" tests="2" name="Login_credentials" time="38.410" errors="0" timestamp="2024-04-16T11:00:25 IST" skipped="0">
  <testcase classname="Login_credentials" name="validLogin" time="31.788"/>
  <testcase classname="Login_credentials" name="invalidLogin" time="6.622"/>
</testsuite> <!-- Login_credentials -->
