<?xml version="1.0" encoding="UTF-8"?>
<!-- Generated by org.testng.reporters.JUnitReportReporter -->
<testsuite hostname="Krieger" failures="0" tests="1" name="ContactPageNavigationTest" time="8.744" errors="0" timestamp="2024-04-17T15:14:27 IST" skipped="0">
  <testcase classname="ContactPageNavigationTest" name="navigateToContactPage" time="8.744"/>
</testsuite> <!-- ContactPageNavigationTest -->
